<?xml version="1.0" encoding="UTF-8"?>
<!-- Generated by org.testng.reporters.JUnitXMLReporter -->
<testsuite ignored="0" hostname="DESKTOP-LTGCC8N" failures="0" tests="4" name="saucedemoTest" time="63.004" errors="0" timestamp="2022-06-16T07:11:43 WAT">
  <testcase classname="com.saucedemo.test.EndToEndTest" name="endToEndTest" time="2.892"/>
  <testcase classname="com.saucedemo.test.LoginTest" name="loginTest" time="0.895"/>
  <testcase classname="com.saucedemo.test.ProductViewTest" name="productViewTest" time="1.148"/>
  <testcase classname="com.saucedemo.test.AddToCartTest" name="addToCartTest" time="1.49"/>
</testsuite> <!-- saucedemoTest -->
