<?xml version="1.0" encoding="UTF-8"?>
<!-- Generated by org.testng.reporters.JUnitXMLReporter -->
<testsuite ignored="0" hostname="DESKTOP-LTGCC8N" failures="0" tests="4" name="Test" time="31.949" errors="0" timestamp="2022-06-16T02:51:05 WAT">
  <testcase classname="com.saucedemo.test.EndToEndTest" name="endToEndTest" time="2.314"/>
  <testcase classname="com.saucedemo.test.LoginTest" name="loginTest" time="2.174"/>
  <testcase classname="com.saucedemo.test.ProductViewTest" name="productViewTest" time="0.965"/>
  <testcase classname="com.saucedemo.test.AddToCartTest" name="addToCartTest" time="1.291"/>
</testsuite> <!-- Test -->
