<?xml version="1.0" encoding="UTF-8"?>
<testng-results ignored="0" total="4" passed="4" failed="0" skipped="0">
  <reporter-output>
  </reporter-output>
  <suite started-at="2022-06-16T07:10:40 WAT" name="SuacedemoProject" finished-at="2022-06-16T07:11:43 WAT" duration-ms="63004">
    <groups>
    </groups>
    <test started-at="2022-06-16T07:10:40 WAT" name="saucedemoTest" finished-at="2022-06-16T07:11:43 WAT" duration-ms="63004">
      <class name="com.saucedemo.test.ProductViewTest">
        <test-method is-config="true" signature="startBrowser()[pri:0, instance:com.saucedemo.test.ProductViewTest@37d4349f]" started-at="2022-06-16T07:11:19 WAT" name="startBrowser" finished-at="2022-06-16T07:11:28 WAT" duration-ms="9354" status="PASS">
          <reporter-output>
          </reporter-output>
        </test-method> <!-- startBrowser -->
        <test-method signature="productViewTest()[pri:0, instance:com.saucedemo.test.ProductViewTest@37d4349f]" started-at="2022-06-16T07:11:28 WAT" name="productViewTest" finished-at="2022-06-16T07:11:30 WAT" duration-ms="1148" status="PASS">
          <reporter-output>
          </reporter-output>
        </test-method> <!-- productViewTest -->
        <test-method is-config="true" signature="tearDown()[pri:0, instance:com.saucedemo.test.ProductViewTest@37d4349f]" started-at="2022-06-16T07:11:30 WAT" name="tearDown" finished-at="2022-06-16T07:11:30 WAT" duration-ms="493" status="PASS">
          <reporter-output>
          </reporter-output>
        </test-method> <!-- tearDown -->
      </class> <!-- com.saucedemo.test.ProductViewTest -->
      <class name="com.saucedemo.test.LoginTest">
        <test-method is-config="true" signature="startBrowser()[pri:0, instance:com.saucedemo.test.LoginTest@5b03b9fe]" started-at="2022-06-16T07:10:58 WAT" name="startBrowser" finished-at="2022-06-16T07:11:17 WAT" duration-ms="18768" status="PASS">
          <reporter-output>
          </reporter-output>
        </test-method> <!-- startBrowser -->
        <test-method signature="loginTest()[pri:0, instance:com.saucedemo.test.LoginTest@5b03b9fe]" started-at="2022-06-16T07:11:17 WAT" name="loginTest" finished-at="2022-06-16T07:11:18 WAT" duration-ms="895" status="PASS">
          <reporter-output>
          </reporter-output>
        </test-method> <!-- loginTest -->
        <test-method is-config="true" signature="tearDown()[pri:0, instance:com.saucedemo.test.LoginTest@5b03b9fe]" started-at="2022-06-16T07:11:18 WAT" name="tearDown" finished-at="2022-06-16T07:11:19 WAT" duration-ms="991" status="PASS">
          <reporter-output>
          </reporter-output>
        </test-method> <!-- tearDown -->
      </class> <!-- com.saucedemo.test.LoginTest -->
      <class name="com.saucedemo.test.EndToEndTest">
        <test-method is-config="true" signature="startBrowser()[pri:0, instance:com.saucedemo.test.EndToEndTest@16610890]" started-at="2022-06-16T07:10:40 WAT" name="startBrowser" finished-at="2022-06-16T07:10:54 WAT" duration-ms="13710" status="PASS">
          <reporter-output>
          </reporter-output>
        </test-method> <!-- startBrowser -->
        <test-method signature="endToEndTest()[pri:0, instance:com.saucedemo.test.EndToEndTest@16610890]" started-at="2022-06-16T07:10:54 WAT" name="endToEndTest" finished-at="2022-06-16T07:10:56 WAT" duration-ms="2892" status="PASS">
          <reporter-output>
          </reporter-output>
        </test-method> <!-- endToEndTest -->
        <test-method is-config="true" signature="tearDown()[pri:0, instance:com.saucedemo.test.EndToEndTest@16610890]" started-at="2022-06-16T07:10:56 WAT" name="tearDown" finished-at="2022-06-16T07:10:58 WAT" duration-ms="1980" status="PASS">
          <reporter-output>
          </reporter-output>
        </test-method> <!-- tearDown -->
      </class> <!-- com.saucedemo.test.EndToEndTest -->
      <class name="com.saucedemo.test.AddToCartTest">
        <test-method is-config="true" signature="startBrowser()[pri:0, instance:com.saucedemo.test.AddToCartTest@434a63ab]" started-at="2022-06-16T07:11:30 WAT" name="startBrowser" finished-at="2022-06-16T07:11:41 WAT" duration-ms="10625" status="PASS">
          <reporter-output>
          </reporter-output>
        </test-method> <!-- startBrowser -->
        <test-method signature="addToCartTest()[pri:0, instance:com.saucedemo.test.AddToCartTest@434a63ab]" started-at="2022-06-16T07:11:41 WAT" name="addToCartTest" finished-at="2022-06-16T07:11:42 WAT" duration-ms="1490" status="PASS">
          <reporter-output>
          </reporter-output>
        </test-method> <!-- addToCartTest -->
        <test-method is-config="true" signature="tearDown()[pri:0, instance:com.saucedemo.test.AddToCartTest@434a63ab]" started-at="2022-06-16T07:11:42 WAT" name="tearDown" finished-at="2022-06-16T07:11:43 WAT" duration-ms="568" status="PASS">
          <reporter-output>
          </reporter-output>
        </test-method> <!-- tearDown -->
      </class> <!-- com.saucedemo.test.AddToCartTest -->
    </test> <!-- saucedemoTest -->
  </suite> <!-- SuacedemoProject -->
</testng-results>
