<?xml version="1.0" encoding="UTF-8"?>
<!-- Generated by org.testng.reporters.JUnitXMLReporter -->
<testsuite ignored="0" hostname="DESKTOP-LTGCC8N" failures="0" tests="4" name="Default test" time="36.849" errors="0" timestamp="2022-06-16T03:28:21 WAT">
  <testcase classname="com.saucedemo.test.ProductViewTest" name="productViewTest" time="0.994"/>
  <testcase classname="com.saucedemo.test.LoginTest" name="loginTest" time="2.893"/>
  <testcase classname="com.saucedemo.test.EndToEndTest" name="endToEndTest" time="3.785"/>
  <testcase classname="com.saucedemo.test.AddToCartTest" name="addToCartTest" time="1.383"/>
</testsuite> <!-- Default test -->
